<?xml version="1.0" encoding="UTF-8"?>
<!-- Generated by org.testng.reporters.JUnitReportReporter -->
<testsuite skipped="0" hostname="DESKTOP-I7M3DML" name="testcases.TC_001_Grootan" tests="2" failures="0" timestamp="2021-02-10T05:11:51 IST" time="75.636" errors="0">
  <testcase name="runTest" time="35.994" classname="testcases.TC_001_Grootan"/>
  <system-out/>
  <testcase name="runTest" time="39.642" classname="testcases.TC_001_Grootan"/>
  <system-out/>
</testsuite> <!-- testcases.TC_001_Grootan -->
