<?xml version="1.0" encoding="UTF-8"?>
<!-- Generated by org.testng.reporters.JUnitReportReporter -->
<testsuite skipped="0" hostname="DESKTOP-I7M3DML" name="testcases.TC_003_ImageComparison" tests="1" failures="0" timestamp="2021-02-10T05:11:51 IST" time="1.986" errors="0">
  <testcase name="compareFolders" time="1.986" classname="testcases.TC_003_ImageComparison"/>
  <system-out/>
</testsuite> <!-- testcases.TC_003_ImageComparison -->
