<?xml version="1.0" encoding="UTF-8"?>
<!-- Generated by org.testng.reporters.JUnitReportReporter -->
<testsuite skipped="0" hostname="DESKTOP-I7M3DML" name="testcases.TC_002_Team" tests="1" failures="0" timestamp="2021-02-11T02:08:20 IST" time="17.665" errors="0">
  <testcase name="teamsTask" time="17.665" classname="testcases.TC_002_Team"/>
  <system-out/>
</testsuite> <!-- testcases.TC_002_Team -->
