<?xml version="1.0" encoding="UTF-8"?>
<!-- Generated by org.testng.reporters.JUnitReportReporter -->
<testsuite skipped="0" hostname="DESKTOP-I7M3DML" name="testcases.Testcases" tests="2" failures="0" timestamp="2021-02-09T01:17:04 IST" time="75.399" errors="0">
  <testcase name="runTest" time="35.648" classname="testcases.Testcases"/>
  <system-out/>
  <testcase name="runTest" time="39.751" classname="testcases.Testcases"/>
  <system-out/>
</testsuite> <!-- testcases.Testcases -->
