<?xml version="1.0" encoding="UTF-8"?>
<!-- Generated by org.testng.reporters.JUnitReportReporter -->
<testsuite skipped="0" hostname="DESKTOP-I7M3DML" name="testcases.Utility" tests="1" failures="0" timestamp="2021-02-09T01:17:04 IST" time="2.156" errors="0">
  <testcase name="compareFolders" time="2.156" classname="testcases.Utility"/>
  <system-out/>
</testsuite> <!-- testcases.Utility -->
