<?xml version="1.0" encoding="UTF-8"?>
<!-- Generated by org.testng.reporters.JUnitReportReporter -->
<testsuite skipped="0" hostname="DESKTOP-I7M3DML" name="testcases.TC_003_ImageComparison" tests="1" failures="0" timestamp="2021-02-11T02:08:20 IST" time="2.402" errors="0">
  <testcase name="compareFolders" time="2.402" classname="testcases.TC_003_ImageComparison"/>
  <system-out/>
</testsuite> <!-- testcases.TC_003_ImageComparison -->
