<?xml version="1.0" encoding="UTF-8"?>
<!-- Generated by org.testng.reporters.JUnitReportReporter -->
<testsuite skipped="0" hostname="DESKTOP-I7M3DML" name="testcases.TC_002_Team" tests="1" failures="0" timestamp="2021-02-10T05:16:45 IST" time="20.781" errors="0">
  <testcase name="teamsTask" time="20.781" classname="testcases.TC_002_Team"/>
  <system-out/>
</testsuite> <!-- testcases.TC_002_Team -->
